  audio_setting_context_wrap.cpp
  auth_service_wrap.cpp
  camera_controller_wrap.cpp
  customized_resource_helper_wrap.cpp
  customized_annotation_obj_wrap.cpp
  customized_annotation_wrap.cpp
  customized_share_render_wrap.cpp
  customized_ui_mgr_wrap.cpp
  customized_video_container_wrap.cpp
  directshare_helper_wrap.cpp
  meeting_AAN_helper_wrap.cpp
  meeting_annotation_wrap.cpp
  meeting_audio_wrap.cpp
  meeting_chat_wrap.cpp
  meeting_closedcaption_ctrl_wrap.cpp
  meeting_configuration_wrap.cpp
  meeting_emoji_reaction_wrap.cpp
  meeting_h323_helper_wrap.cpp
  meeting_interpretation_ctrl_wrap.cpp
  meeting_live_stream_wrap.cpp
  Compiling...
  meeting_participants_ctrl_wrap.cpp
  meeting_phone_helper_wrap.cpp
  meeting_realname_auth_helper_wrap.cpp
  meeting_recording_wrap.cpp
  meeting_remote_ctrl_wrap.cpp
  meeting_sharing_wrap.cpp
  meeting_ui_ctrl_wrap.cpp
  meeting_video_wrap.cpp
  meeting_waiting_room_wrap.cpp
  meeting_webinar_ctrl_wrap.cpp
  meeting_raw_archiving_wrap.cpp
  meeting_service_wrap.cpp
  network_connection_handler_wrap.cpp
  rawdata_audio_helper_wrap.cpp
  rawdata_render_wrap.cpp
  rawdata_video_helper_wrap.cpp
  recording_setting_context_wrap.cpp
  sdk_loader.cpp
  sdk_wrap.cpp
  setting_service_wrap.cpp
  Compiling...
  set_video_order_helper_wrap.cpp
  ui_hook_wrap.cpp
  video_setting_context_wrap.cpp
  Generating code
  Previous IPDB not found, fall back to full compilation.
D:\zoom-c-sharp-wrapper-5.12.2.9319\x86\zoom_sdk_c_sharp_wrap\wrap\sdk_loader.cpp(56): warning C4723: potential divide by 0
  All 1543 functions were compiled because no usable IPDB/IOBJ from previous compilation was found.
  Finished generating code
  wrap.vcxproj -> D:\zoom-c-sharp-wrapper-5.12.2.9319\x86\zoom_sdk_c_sharp_wrap\wrap\Release\wrap.dll
