  Stdafx.cpp
  AssemblyInfo.cpp
  auth_service_dotnet_wrap.cpp
D:\Source\zoom\zoom\x64\zoom_sdk_c_sharp_wrap\zoom_sdk_dotnet_wrap_util.h(144,34): warning C4311: 'type cast': pointer truncation from 'HWND' to 'unsigned int'
D:\Source\zoom\zoom\x64\zoom_sdk_c_sharp_wrap\zoom_sdk_dotnet_wrap_util.h(144,34): warning C4302: 'type cast': truncation from 'HWND' to 'unsigned int'
  customized_annotation_obj_dotnet_wrap.cpp
D:\Source\zoom\zoom\x64\zoom_sdk_c_sharp_wrap\zoom_sdk_dotnet_wrap_util.h(144,34): warning C4311: 'type cast': pointer truncation from 'HWND' to 'unsigned int'
D:\Source\zoom\zoom\x64\zoom_sdk_c_sharp_wrap\zoom_sdk_dotnet_wrap_util.h(144,34): warning C4302: 'type cast': truncation from 'HWND' to 'unsigned int'
  customized_resource_helper_dotnet_wrap.cpp
D:\Source\zoom\zoom\x64\zoom_sdk_c_sharp_wrap\zoom_sdk_dotnet_wrap_util.h(144,34): warning C4311: 'type cast': pointer truncation from 'HWND' to 'unsigned int'
D:\Source\zoom\zoom\x64\zoom_sdk_c_sharp_wrap\zoom_sdk_dotnet_wrap_util.h(144,34): warning C4302: 'type cast': truncation from 'HWND' to 'unsigned int'
  customized_share_render_dotnet_wrap.cpp
D:\Source\zoom\zoom\x64\zoom_sdk_c_sharp_wrap\zoom_sdk_dotnet_wrap_util.h(144,34): warning C4311: 'type cast': pointer truncation from 'HWND' to 'unsigned int'
D:\Source\zoom\zoom\x64\zoom_sdk_c_sharp_wrap\zoom_sdk_dotnet_wrap_util.h(144,34): warning C4302: 'type cast': truncation from 'HWND' to 'unsigned int'
  customized_ui_mgr_dotnet_wrap.cpp
D:\Source\zoom\zoom\x64\zoom_sdk_c_sharp_wrap\zoom_sdk_dotnet_wrap_util.h(144,34): warning C4311: 'type cast': pointer truncation from 'HWND' to 'unsigned int'
D:\Source\zoom\zoom\x64\zoom_sdk_c_sharp_wrap\zoom_sdk_dotnet_wrap_util.h(144,34): warning C4302: 'type cast': truncation from 'HWND' to 'unsigned int'
  customized_video_container_dotnet_wrap.cpp
D:\Source\zoom\zoom\x64\zoom_sdk_c_sharp_wrap\zoom_sdk_dotnet_wrap_util.h(144,34): warning C4311: 'type cast': pointer truncation from 'HWND' to 'unsigned int'
D:\Source\zoom\zoom\x64\zoom_sdk_c_sharp_wrap\zoom_sdk_dotnet_wrap_util.h(144,34): warning C4302: 'type cast': truncation from 'HWND' to 'unsigned int'
  customized_annotation_dotnet_wrap.cpp
D:\Source\zoom\zoom\x64\zoom_sdk_c_sharp_wrap\zoom_sdk_dotnet_wrap_util.h(144,34): warning C4311: 'type cast': pointer truncation from 'HWND' to 'unsigned int'
D:\Source\zoom\zoom\x64\zoom_sdk_c_sharp_wrap\zoom_sdk_dotnet_wrap_util.h(144,34): warning C4302: 'type cast': truncation from 'HWND' to 'unsigned int'
  meeting_AAN_helper_dotnet_wrap.cpp
D:\Source\zoom\zoom\x64\zoom_sdk_c_sharp_wrap\zoom_sdk_dotnet_wrap_util.h(144,34): warning C4311: 'type cast': pointer truncation from 'HWND' to 'unsigned int'
D:\Source\zoom\zoom\x64\zoom_sdk_c_sharp_wrap\zoom_sdk_dotnet_wrap_util.h(144,34): warning C4302: 'type cast': truncation from 'HWND' to 'unsigned int'
  meeting_annotation_dotnet_wrap.cpp
D:\Source\zoom\zoom\x64\zoom_sdk_c_sharp_wrap\zoom_sdk_dotnet_wrap_util.h(144,34): warning C4311: 'type cast': pointer truncation from 'HWND' to 'unsigned int'
D:\Source\zoom\zoom\x64\zoom_sdk_c_sharp_wrap\zoom_sdk_dotnet_wrap_util.h(144,34): warning C4302: 'type cast': truncation from 'HWND' to 'unsigned int'
  meeting_audio_dotnet_wrap.cpp
D:\Source\zoom\zoom\x64\zoom_sdk_c_sharp_wrap\zoom_sdk_dotnet_wrap_util.h(144,34): warning C4311: 'type cast': pointer truncation from 'HWND' to 'unsigned int'
D:\Source\zoom\zoom\x64\zoom_sdk_c_sharp_wrap\zoom_sdk_dotnet_wrap_util.h(144,34): warning C4302: 'type cast': truncation from 'HWND' to 'unsigned int'
  meeting_chat_dotnet_wrap.cpp
D:\Source\zoom\zoom\x64\zoom_sdk_c_sharp_wrap\zoom_sdk_dotnet_wrap_util.h(144,34): warning C4311: 'type cast': pointer truncation from 'HWND' to 'unsigned int'
D:\Source\zoom\zoom\x64\zoom_sdk_c_sharp_wrap\zoom_sdk_dotnet_wrap_util.h(144,34): warning C4302: 'type cast': truncation from 'HWND' to 'unsigned int'
  meeting_configuration_dotnet_wrap.cpp
D:\Source\zoom\zoom\x64\zoom_sdk_c_sharp_wrap\zoom_sdk_dotnet_wrap_util.h(144,34): warning C4311: 'type cast': pointer truncation from 'HWND' to 'unsigned int'
D:\Source\zoom\zoom\x64\zoom_sdk_c_sharp_wrap\zoom_sdk_dotnet_wrap_util.h(144,34): warning C4302: 'type cast': truncation from 'HWND' to 'unsigned int'
D:\Source\zoom\zoom\x64\zoom_sdk_c_sharp_wrap\meeting_configuration_dotnet_wrap.cpp(89,42): warning C4312: 'type cast': conversion from 'unsigned int' to 'HWND' of greater size
D:\Source\zoom\zoom\x64\zoom_sdk_c_sharp_wrap\meeting_configuration_dotnet_wrap.cpp(90,44): warning C4312: 'type cast': conversion from 'unsigned int' to 'HWND' of greater size
D:\Source\zoom\zoom\x64\zoom_sdk_c_sharp_wrap\meeting_configuration_dotnet_wrap.cpp(114,42): warning C4312: 'type cast': conversion from 'unsigned int' to 'HWND' of greater size
D:\Source\zoom\zoom\x64\zoom_sdk_c_sharp_wrap\meeting_configuration_dotnet_wrap.cpp(115,44): warning C4312: 'type cast': conversion from 'unsigned int' to 'HWND' of greater size
  meeting_h323_helper_dotnet_wrap.cpp
D:\Source\zoom\zoom\x64\zoom_sdk_c_sharp_wrap\zoom_sdk_dotnet_wrap_util.h(144,34): warning C4311: 'type cast': pointer truncation from 'HWND' to 'unsigned int'
D:\Source\zoom\zoom\x64\zoom_sdk_c_sharp_wrap\zoom_sdk_dotnet_wrap_util.h(144,34): warning C4302: 'type cast': truncation from 'HWND' to 'unsigned int'
  meeting_live_stream_dotnet_wrap.cpp
D:\Source\zoom\zoom\x64\zoom_sdk_c_sharp_wrap\zoom_sdk_dotnet_wrap_util.h(144,34): warning C4311: 'type cast': pointer truncation from 'HWND' to 'unsigned int'
D:\Source\zoom\zoom\x64\zoom_sdk_c_sharp_wrap\zoom_sdk_dotnet_wrap_util.h(144,34): warning C4302: 'type cast': truncation from 'HWND' to 'unsigned int'
  meeting_participants_ctrl_donet_wrap.cpp
D:\Source\zoom\zoom\x64\zoom_sdk_c_sharp_wrap\zoom_sdk_dotnet_wrap_util.h(144,34): warning C4311: 'type cast': pointer truncation from 'HWND' to 'unsigned int'
D:\Source\zoom\zoom\x64\zoom_sdk_c_sharp_wrap\zoom_sdk_dotnet_wrap_util.h(144,34): warning C4302: 'type cast': truncation from 'HWND' to 'unsigned int'
  meeting_phone_helper_donet_wrap.cpp
D:\Source\zoom\zoom\x64\zoom_sdk_c_sharp_wrap\zoom_sdk_dotnet_wrap_util.h(144,34): warning C4311: 'type cast': pointer truncation from 'HWND' to 'unsigned int'
D:\Source\zoom\zoom\x64\zoom_sdk_c_sharp_wrap\zoom_sdk_dotnet_wrap_util.h(144,34): warning C4302: 'type cast': truncation from 'HWND' to 'unsigned int'
  meeting_recording_dotnet_wrap.cpp
D:\Source\zoom\zoom\x64\zoom_sdk_c_sharp_wrap\zoom_sdk_dotnet_wrap_util.h(144,34): warning C4311: 'type cast': pointer truncation from 'HWND' to 'unsigned int'
D:\Source\zoom\zoom\x64\zoom_sdk_c_sharp_wrap\zoom_sdk_dotnet_wrap_util.h(144,34): warning C4302: 'type cast': truncation from 'HWND' to 'unsigned int'
  meeting_remote_ctrl_dotnet_wrap.cpp
D:\Source\zoom\zoom\x64\zoom_sdk_c_sharp_wrap\zoom_sdk_dotnet_wrap_util.h(144,34): warning C4311: 'type cast': pointer truncation from 'HWND' to 'unsigned int'
D:\Source\zoom\zoom\x64\zoom_sdk_c_sharp_wrap\zoom_sdk_dotnet_wrap_util.h(144,34): warning C4302: 'type cast': truncation from 'HWND' to 'unsigned int'
  meeting_service_dotnet_wrap.cpp
D:\Source\zoom\zoom\x64\zoom_sdk_c_sharp_wrap\zoom_sdk_dotnet_wrap_util.h(144,34): warning C4311: 'type cast': pointer truncation from 'HWND' to 'unsigned int'
D:\Source\zoom\zoom\x64\zoom_sdk_c_sharp_wrap\zoom_sdk_dotnet_wrap_util.h(144,34): warning C4302: 'type cast': truncation from 'HWND' to 'unsigned int'
D:\Source\zoom\zoom\x64\zoom_sdk_c_sharp_wrap\meeting_service_dotnet_wrap.cpp(171,114): warning C4312: 'type cast': conversion from 'unsigned int' to 'HWND' of greater size
D:\Source\zoom\zoom\x64\zoom_sdk_c_sharp_wrap\meeting_service_dotnet_wrap.cpp(187,122): warning C4312: 'type cast': conversion from 'unsigned int' to 'HWND' of greater size
D:\Source\zoom\zoom\x64\zoom_sdk_c_sharp_wrap\meeting_service_dotnet_wrap.cpp(216,118): warning C4312: 'type cast': conversion from 'unsigned int' to 'HWND' of greater size
D:\Source\zoom\zoom\x64\zoom_sdk_c_sharp_wrap\meeting_service_dotnet_wrap.cpp(233,122): warning C4312: 'type cast': conversion from 'unsigned int' to 'HWND' of greater size
  Generating Code...
D:\Source\zoom\zoom\x64\zoom_sdk_c_sharp_wrap\meeting_recording_dotnet_wrap.cpp : warning C4793: 'ZOOM_SDK_DOTNET_WRAP::MeetingRecordingControllerEventHandler::`vcall'{0}'': function compiled as native:
  	non-clrcall vcall thunks must be compiled as native
D:\Source\zoom\zoom\x64\zoom_sdk_c_sharp_wrap\meeting_recording_dotnet_wrap.cpp : warning C4793: 'ZOOM_SDK_DOTNET_WRAP::MeetingRecordingControllerEventHandler::`vcall'{8}'': function compiled as native:
  	non-clrcall vcall thunks must be compiled as native
D:\Source\zoom\zoom\x64\zoom_sdk_c_sharp_wrap\meeting_recording_dotnet_wrap.cpp : warning C4793: 'ZOOM_SDK_DOTNET_WRAP::MeetingRecordingControllerEventHandler::`vcall'{16}'': function compiled as native:
  	non-clrcall vcall thunks must be compiled as native
D:\Source\zoom\zoom\x64\zoom_sdk_c_sharp_wrap\meeting_recording_dotnet_wrap.cpp : warning C4793: 'ZOOM_SDK_DOTNET_WRAP::MeetingRecordingControllerEventHandler::`vcall'{24}'': function compiled as native:
  	non-clrcall vcall thunks must be compiled as native
D:\Source\zoom\zoom\x64\zoom_sdk_c_sharp_wrap\meeting_recording_dotnet_wrap.cpp : warning C4793: 'ZOOM_SDK_DOTNET_WRAP::MeetingRecordingControllerEventHandler::`vcall'{32}'': function compiled as native:
  	non-clrcall vcall thunks must be compiled as native
D:\Source\zoom\zoom\x64\zoom_sdk_c_sharp_wrap\meeting_recording_dotnet_wrap.cpp : warning C4793: 'ZOOM_SDK_DOTNET_WRAP::MeetingRecordingControllerEventHandler::`vcall'{40}'': function compiled as native:
  	non-clrcall vcall thunks must be compiled as native
D:\Source\zoom\zoom\x64\zoom_sdk_c_sharp_wrap\meeting_audio_dotnet_wrap.cpp : warning C4793: 'ZOOM_SDK_DOTNET_WRAP::MeetingAudioControllerEventHanlder::`vcall'{8}'': function compiled as native:
  	non-clrcall vcall thunks must be compiled as native
D:\Source\zoom\zoom\x64\zoom_sdk_c_sharp_wrap\meeting_audio_dotnet_wrap.cpp : warning C4793: 'ZOOM_SDK_DOTNET_WRAP::MeetingAudioControllerEventHanlder::`vcall'{0}'': function compiled as native:
  	non-clrcall vcall thunks must be compiled as native
D:\Source\zoom\zoom\x64\zoom_sdk_c_sharp_wrap\customized_video_container_dotnet_wrap.cpp : warning C4793: 'ZOOM_SDK_DOTNET_WRAP::CustomizedVideoContainerEventHandler::`vcall'{0}'': function compiled as native:
  	non-clrcall vcall thunks must be compiled as native
D:\Source\zoom\zoom\x64\zoom_sdk_c_sharp_wrap\customized_video_container_dotnet_wrap.cpp : warning C4793: 'ZOOM_SDK_DOTNET_WRAP::CustomizedVideoContainerEventHandler::`vcall'{8}'': function compiled as native:
  	non-clrcall vcall thunks must be compiled as native
D:\Source\zoom\zoom\x64\zoom_sdk_c_sharp_wrap\customized_video_container_dotnet_wrap.cpp : warning C4793: 'ZOOM_SDK_DOTNET_WRAP::CustomizedVideoContainerEventHandler::`vcall'{16}'': function compiled as native:
  	non-clrcall vcall thunks must be compiled as native
D:\Source\zoom\zoom\x64\zoom_sdk_c_sharp_wrap\customized_video_container_dotnet_wrap.cpp : warning C4793: 'ZOOM_SDK_DOTNET_WRAP::CustomizedVideoContainerEventHandler::`vcall'{24}'': function compiled as native:
  	non-clrcall vcall thunks must be compiled as native
D:\Source\zoom\zoom\x64\zoom_sdk_c_sharp_wrap\customized_video_container_dotnet_wrap.cpp : warning C4793: 'ZOOM_SDK_DOTNET_WRAP::CustomizedVideoContainerEventHandler::`vcall'{32}'': function compiled as native:
  	non-clrcall vcall thunks must be compiled as native
D:\Source\zoom\zoom\x64\zoom_sdk_c_sharp_wrap\customized_share_render_dotnet_wrap.cpp : warning C4793: 'ZOOM_SDK_DOTNET_WRAP::CustomizedShareRenderEventHandler::`vcall'{0}'': function compiled as native:
  	non-clrcall vcall thunks must be compiled as native
D:\Source\zoom\zoom\x64\zoom_sdk_c_sharp_wrap\customized_share_render_dotnet_wrap.cpp : warning C4793: 'ZOOM_SDK_DOTNET_WRAP::CustomizedShareRenderEventHandler::`vcall'{8}'': function compiled as native:
  	non-clrcall vcall thunks must be compiled as native
D:\Source\zoom\zoom\x64\zoom_sdk_c_sharp_wrap\customized_share_render_dotnet_wrap.cpp : warning C4793: 'ZOOM_SDK_DOTNET_WRAP::CustomizedShareRenderEventHandler::`vcall'{16}'': function compiled as native:
  	non-clrcall vcall thunks must be compiled as native
  Compiling...
  meeting_sharing_dotnet_wrap.cpp
D:\Source\zoom\zoom\x64\zoom_sdk_c_sharp_wrap\zoom_sdk_dotnet_wrap_util.h(144,34): warning C4311: 'type cast': pointer truncation from 'HWND' to 'unsigned int'
D:\Source\zoom\zoom\x64\zoom_sdk_c_sharp_wrap\zoom_sdk_dotnet_wrap_util.h(144,34): warning C4302: 'type cast': truncation from 'HWND' to 'unsigned int'
D:\Source\zoom\zoom\x64\zoom_sdk_c_sharp_wrap\meeting_sharing_dotnet_wrap.cpp(43,1): warning C4311: 'type cast': pointer truncation from 'HWND' to 'unsigned int'
D:\Source\zoom\zoom\x64\zoom_sdk_c_sharp_wrap\meeting_sharing_dotnet_wrap.cpp(43,1): warning C4302: 'type cast': truncation from 'HWND' to 'unsigned int'
D:\Source\zoom\zoom\x64\zoom_sdk_c_sharp_wrap\meeting_sharing_dotnet_wrap.cpp(78,71): warning C4312: 'type cast': conversion from 'unsigned int' to 'HWND' of greater size
D:\Source\zoom\zoom\x64\zoom_sdk_c_sharp_wrap\meeting_sharing_dotnet_wrap.cpp(113,83): warning C4312: 'type cast': conversion from 'unsigned int' to 'HWND' of greater size
  meeting_ui_ctrl_dotnet_wrap.cpp
D:\Source\zoom\zoom\x64\zoom_sdk_c_sharp_wrap\zoom_sdk_dotnet_wrap_util.h(144,34): warning C4311: 'type cast': pointer truncation from 'HWND' to 'unsigned int'
D:\Source\zoom\zoom\x64\zoom_sdk_c_sharp_wrap\zoom_sdk_dotnet_wrap_util.h(144,34): warning C4302: 'type cast': truncation from 'HWND' to 'unsigned int'
D:\Source\zoom\zoom\x64\zoom_sdk_c_sharp_wrap\meeting_ui_ctrl_dotnet_wrap.cpp(104,47): warning C4312: 'type cast': conversion from 'unsigned int' to 'HWND' of greater size
  meeting_video_dotnet_wrap.cpp
D:\Source\zoom\zoom\x64\zoom_sdk_c_sharp_wrap\zoom_sdk_dotnet_wrap_util.h(144,34): warning C4311: 'type cast': pointer truncation from 'HWND' to 'unsigned int'
D:\Source\zoom\zoom\x64\zoom_sdk_c_sharp_wrap\zoom_sdk_dotnet_wrap_util.h(144,34): warning C4302: 'type cast': truncation from 'HWND' to 'unsigned int'
  meeting_waiting_room_dotnet_wrap.cpp
D:\Source\zoom\zoom\x64\zoom_sdk_c_sharp_wrap\zoom_sdk_dotnet_wrap_util.h(144,34): warning C4311: 'type cast': pointer truncation from 'HWND' to 'unsigned int'
D:\Source\zoom\zoom\x64\zoom_sdk_c_sharp_wrap\zoom_sdk_dotnet_wrap_util.h(144,34): warning C4302: 'type cast': truncation from 'HWND' to 'unsigned int'
  setting_service_dotnet_wrap.cpp
D:\Source\zoom\zoom\x64\zoom_sdk_c_sharp_wrap\zoom_sdk_dotnet_wrap_util.h(144,34): warning C4311: 'type cast': pointer truncation from 'HWND' to 'unsigned int'
D:\Source\zoom\zoom\x64\zoom_sdk_c_sharp_wrap\zoom_sdk_dotnet_wrap_util.h(144,34): warning C4302: 'type cast': truncation from 'HWND' to 'unsigned int'
D:\Source\zoom\zoom\x64\zoom_sdk_c_sharp_wrap\setting_service_dotnet_wrap.cpp(13,47): warning C4312: 'type cast': conversion from 'unsigned int' to 'HWND' of greater size
D:\Source\zoom\zoom\x64\zoom_sdk_c_sharp_wrap\setting_service_dotnet_wrap.cpp(20,57): warning C4311: 'type cast': pointer truncation from 'HWND' to 'unsigned int'
D:\Source\zoom\zoom\x64\zoom_sdk_c_sharp_wrap\setting_service_dotnet_wrap.cpp(20,57): warning C4302: 'type cast': truncation from 'HWND' to 'unsigned int'
  video_setting_context_dotnet_wrap.cpp
D:\Source\zoom\zoom\x64\zoom_sdk_c_sharp_wrap\zoom_sdk_dotnet_wrap_util.h(144,34): warning C4311: 'type cast': pointer truncation from 'HWND' to 'unsigned int'
D:\Source\zoom\zoom\x64\zoom_sdk_c_sharp_wrap\zoom_sdk_dotnet_wrap_util.h(144,34): warning C4302: 'type cast': truncation from 'HWND' to 'unsigned int'
  audio_setting_context_wrap.cpp
  auth_service_wrap.cpp
  camera_controller_wrap.cpp
  customized_resource_helper_wrap.cpp
  customized_annotation_obj_wrap.cpp
  customized_annotation_wrap.cpp
  customized_share_render_wrap.cpp
  customized_ui_mgr_wrap.cpp
  customized_video_container_wrap.cpp
  directshare_helper_wrap.cpp
  meeting_AAN_helper_wrap.cpp
  meeting_raw_archiving_wrap.cpp
  meeting_annotation_wrap.cpp
  meeting_audio_wrap.cpp
  Generating Code...
  Compiling...
  meeting_chat_wrap.cpp
  meeting_closedcaption_ctrl_wrap.cpp
  meeting_configuration_wrap.cpp
  meeting_emoji_reaction_wrap.cpp
  meeting_h323_helper_wrap.cpp
  meeting_interpretation_ctrl_wrap.cpp
  meeting_live_stream_wrap.cpp
  meeting_participants_ctrl_wrap.cpp
  meeting_phone_helper_wrap.cpp
  meeting_recording_wrap.cpp
  meeting_remote_ctrl_wrap.cpp
  meeting_sharing_wrap.cpp
  meeting_ui_ctrl_wrap.cpp
  meeting_video_wrap.cpp
  meeting_waiting_room_wrap.cpp
  meeting_webinar_ctrl_wrap.cpp
  meeting_realname_auth_helper_wrap.cpp
  meeting_service_wrap.cpp
  network_connection_handler_wrap.cpp
  recording_setting_context_wrap.cpp
  Generating Code...
  Compiling...
  sdk_loader.cpp
  sdk_wrap.cpp
  setting_service_wrap.cpp
  ui_hook_wrap.cpp
  video_setting_context_wrap.cpp
  zoom_sdk_dotnet_wrap.cpp
D:\Source\zoom\zoom\x64\zoom_sdk_c_sharp_wrap\zoom_sdk_dotnet_wrap_util.h(144,34): warning C4311: 'type cast': pointer truncation from 'HWND' to 'unsigned int'
D:\Source\zoom\zoom\x64\zoom_sdk_c_sharp_wrap\zoom_sdk_dotnet_wrap_util.h(144,34): warning C4302: 'type cast': truncation from 'HWND' to 'unsigned int'
  .NETFramework,Version=v4.7.2.AssemblyAttributes.cpp
  Generating Code...
D:\Source\zoom\zoom\x64\zoom_sdk_c_sharp_wrap\wrap\sdk_loader.cpp(57): warning C4723: potential divide by 0
D:\Source\zoom\zoom\x64\zoom_sdk_c_sharp_wrap\wrap\common_include.h(101): warning C4793: 'myOutputDebugString': function compiled as native:
  	varargs not supported under /clr
D:\Source\zoom\zoom\x64\zoom_sdk_c_sharp_wrap\wrap\common_include.h(104): warning C4793: 'myOutputDebugString': function compiled as native:
  	Found an intrinsic not supported in managed code
D:\Source\zoom\zoom\x64\zoom_sdk_c_sharp_wrap\wrap\common_include.h(109): warning C4793: 'myOutputDebugString': function compiled as native:
  	Found an intrinsic not supported in managed code
D:\Source\zoom\zoom\x64\zoom_sdk_c_sharp_wrap\wrap\common_include.h(112): warning C4793: 'myOutputDebugStringW': function compiled as native:
  	varargs not supported under /clr
D:\Source\zoom\zoom\x64\zoom_sdk_c_sharp_wrap\wrap\common_include.h(115): warning C4793: 'myOutputDebugStringW': function compiled as native:
  	Found an intrinsic not supported in managed code
D:\Source\zoom\zoom\x64\zoom_sdk_c_sharp_wrap\wrap\common_include.h(120): warning C4793: 'myOutputDebugStringW': function compiled as native:
  	Found an intrinsic not supported in managed code
C:\Program Files\Microsoft Visual Studio\2022\Community\MSBuild\Microsoft\VC\v170\Microsoft.CppBuild.targets(1374,5): warning MSB8012: TargetPath(D:\Source\zoom\zoom\x64\zoom_sdk_c_sharp_wrap\x64\Release\zoom_sdk_dotnet_wrap.dll) does not match the Linker's OutputFile property value (D:\Source\zoom\zoom\x64\bin\zoom_sdk_dotnet_wrap.dll). This may cause your project to build incorrectly. To correct this, please make sure that $(OutDir), $(TargetName) and $(TargetExt) property values match the value specified in %(Link.OutputFile).
  zoom_sdk_c_sharp_wrap.vcxproj -> D:\Source\zoom\zoom\x64\zoom_sdk_c_sharp_wrap\x64\Release\zoom_sdk_dotnet_wrap.dll
